Grammar

    0 $accept: ROOT $end

    1 ROOT: EXPR

    2 EXPR: AUTO


Terminals, with rules where they appear

$end (0) 0
error (256)
AUTO (258) 2


Nonterminals, with rules where they appear

$accept (4)
    on left: 0
ROOT (5)
    on left: 1, on right: 0
EXPR (6)
    on left: 2, on right: 1


State 0

    0 $accept: . ROOT $end

    AUTO  shift, and go to state 1

    ROOT  go to state 2
    EXPR  go to state 3


State 1

    2 EXPR: AUTO .

    $default  reduce using rule 2 (EXPR)


State 2

    0 $accept: ROOT . $end

    $end  shift, and go to state 4


State 3

    1 ROOT: EXPR .

    $default  reduce using rule 1 (ROOT)


State 4

    0 $accept: ROOT $end .

    $default  accept
